<?xml version="1.0" encoding="UTF-8"?>
<!-- Generated by org.testng.reporters.JUnitXMLReporter -->
<testsuite hostname="ZIL357" ignored="0" name="Default test(failed)(failed)" tests="1" failures="1" timestamp="30 Oct 2018 09:27:05 GMT" time="0.027" errors="0">
  <testcase name="test" time="0.0" classname="TestNG.Crossbrowser">
    <failure type="org.testng.TestNGException" message="
Parameter &amp;apos;browser&amp;apos; is required by @Test on method test but has not been marked @Optional or defined
in C:\Users\nikhil.harde\Practice\test-output\testng-failed.xml">
      <![CDATA[org.testng.TestNGException: 
Parameter 'browser' is required by @Test on method test but has not been marked @Optional or defined
in C:\Users\nikhil.harde\Practice\test-output\testng-failed.xml
... Removed 24 stack frames]]>
    </failure>
  </testcase> <!-- test -->
</testsuite> <!-- Default test(failed)(failed) -->
